{"name": "test_drag_drop_item", "status": "failed", "statusDetails": {"message": "AssertionError: 'B' != 'A'\n- B\n+ A\n : Drag and Drop is not supported", "trace": "self = <Tests.test_drag_drop.Test_Drag_Drop object at 0x000001FFF2A19910>\n\n    def test_drag_drop_item(self):\n        driver = self.driver\n        driver.get(\"https://the-internet.herokuapp.com/\")\n        driver.maximize_window()\n        WebDriverWait(driver,10).until(EC.visibility_of_element_located((By.LINK_TEXT,'Drag and Drop'))).click()\n        WebDriverWait(driver,10).until(EC.visibility_of_element_located((By.TAG_NAME,'h3')))\n        source_element = driver.find_element(By.ID,\"column-a\")\n        target_element = driver.find_element(By.ID,\"column-b\")\n        action = ActionChains(driver)\n        # action.drag_and_drop(source_element,target_element).perform()\n        action.click_and_hold(source_element).move_to_element(target_element).release().perform()\n        sleep(5)\n        new_target_element = driver.find_element(By.TAG_NAME,\"header\").text\n>       self.Assertion.assertEqual(new_target_element,'A','Drag and Drop is not supported')\n\ntest_drag_drop.py:27: \n_ _ _ _ _ _ _ _ _ _ _ _ _ _ _ _ _ _ _ _ _ _ _ _ _ _ _ _ _ _ _ _ _ _ _ _ _ _ _ _\nC:\\Program Files\\Python311\\Lib\\unittest\\case.py:873: in assertEqual\n    assertion_func(first, second, msg=msg)\nC:\\Program Files\\Python311\\Lib\\unittest\\case.py:1253: in assertMultiLineEqual\n    self.fail(self._formatMessage(msg, standardMsg))\n_ _ _ _ _ _ _ _ _ _ _ _ _ _ _ _ _ _ _ _ _ _ _ _ _ _ _ _ _ _ _ _ _ _ _ _ _ _ _ _\n\nself = <unittest.case.TestCase testMethod=runTest>\nmsg = \"'B' != 'A'\\n- B\\n+ A\\n : Drag and Drop is not supported\"\n\n    def fail(self, msg=None):\n        \"\"\"Fail immediately, with the given message.\"\"\"\n>       raise self.failureException(msg)\nE       AssertionError: 'B' != 'A'\nE       - B\nE       + A\nE        : Drag and Drop is not supported\n\nC:\\Program Files\\Python311\\Lib\\unittest\\case.py:703: AssertionError"}, "start": 1714461977496, "stop": 1714461985146, "uuid": "b24fc434-3aa4-4d7d-865a-bfc8536b4d26", "historyId": "0653ef55ec51d8a992a861826a210d19", "testCaseId": "0653ef55ec51d8a992a861826a210d19", "fullName": "Tests.test_drag_drop.Test_Drag_Drop#test_drag_drop_item", "labels": [{"name": "tag", "value": "@pytest.mark.usefixtures('init_driver')"}, {"name": "parentSuite", "value": "Tests"}, {"name": "suite", "value": "test_drag_drop"}, {"name": "subSuite", "value": "Test_Drag_Drop"}, {"name": "host", "value": "truong"}, {"name": "thread", "value": "59352-MainThread"}, {"name": "framework", "value": "pytest"}, {"name": "language", "value": "cpython3"}, {"name": "package", "value": "Tests.test_drag_drop"}]}