{"name": "test_2", "status": "broken", "statusDetails": {"message": "selenium.common.exceptions.NoSuchElementException: Message: no such element: Unable to locate element: {\"method\":\"xpath\",\"selector\":\"//input[@name='q']\"}\n  (Session info: chrome=123.0.6312.86); For documentation on this error, please visit: https://www.selenium.dev/documentation/webdriver/troubleshooting/errors#no-such-element-exception\nStacktrace:\n#0 0x55cb1d4578a3 <unknown>\n#1 0x55cb1d14d8c6 <unknown>\n#2 0x55cb1d198618 <unknown>\n#3 0x55cb1d1986d1 <unknown>\n#4 0x55cb1d1db744 <unknown>\n#5 0x55cb1d1ba5cd <unknown>\n#6 0x55cb1d1d8c19 <unknown>\n#7 0x55cb1d1ba343 <unknown>\n#8 0x55cb1d18b593 <unknown>\n#9 0x55cb1d18bf5e <unknown>\n#10 0x55cb1d41b88b <unknown>\n#11 0x55cb1d41f7e5 <unknown>\n#12 0x55cb1d4095b1 <unknown>\n#13 0x55cb1d420372 <unknown>\n#14 0x55cb1d3ee8bf <unknown>\n#15 0x55cb1d446768 <unknown>\n#16 0x55cb1d44693b <unknown>\n#17 0x55cb1d4569f4 <unknown>\n#18 0x7ff3e0ba0ac3 <unknown>", "trace": "self = <Tests.test_skip_dependent_tcs.Test_Scenario_1 object at 0x000002577724E510>\n\n    def test_2(self):\n        self.driver.get('https://www.google.com/')\n        self.driver.maximize_window()\n        title = \"Google\"\n        assert title == self.driver.title\n    \n        search_text = \"LambdaTest\"\n>       search_box = self.driver.find_element(By.XPATH, \"//input[@name='q']\")\n\ntest_skip_dependent_tcs.py:30: \n_ _ _ _ _ _ _ _ _ _ _ _ _ _ _ _ _ _ _ _ _ _ _ _ _ _ _ _ _ _ _ _ _ _ _ _ _ _ _ _\n..\\.venv\\Lib\\site-packages\\selenium\\webdriver\\remote\\webdriver.py:741: in find_element\n    return self.execute(Command.FIND_ELEMENT, {\"using\": by, \"value\": value})[\"value\"]\n..\\.venv\\Lib\\site-packages\\selenium\\webdriver\\remote\\webdriver.py:347: in execute\n    self.error_handler.check_response(response)\n_ _ _ _ _ _ _ _ _ _ _ _ _ _ _ _ _ _ _ _ _ _ _ _ _ _ _ _ _ _ _ _ _ _ _ _ _ _ _ _\n\nself = <selenium.webdriver.remote.errorhandler.ErrorHandler object at 0x000002577726F710>\nresponse = {'status': 404, 'value': '{\"value\":{\"error\":\"no such element\",\"message\":\"no such element: Unable to locate element: {\\...\\\\n#16 0x55cb1d44693b \\\\u003Cunknown>\\\\n#17 0x55cb1d4569f4 \\\\u003Cunknown>\\\\n#18 0x7ff3e0ba0ac3 \\\\u003Cunknown>\\\\n\"}}'}\n\n    def check_response(self, response: Dict[str, Any]) -> None:\n        \"\"\"Checks that a JSON response from the WebDriver does not have an\n        error.\n    \n        :Args:\n         - response - The JSON response from the WebDriver server as a dictionary\n           object.\n    \n        :Raises: If the response contains an error message.\n        \"\"\"\n        status = response.get(\"status\", None)\n        if not status or status == ErrorCode.SUCCESS:\n            return\n        value = None\n        message = response.get(\"message\", \"\")\n        screen: str = response.get(\"screen\", \"\")\n        stacktrace = None\n        if isinstance(status, int):\n            value_json = response.get(\"value\", None)\n            if value_json and isinstance(value_json, str):\n                import json\n    \n                try:\n                    value = json.loads(value_json)\n                    if len(value) == 1:\n                        value = value[\"value\"]\n                    status = value.get(\"error\", None)\n                    if not status:\n                        status = value.get(\"status\", ErrorCode.UNKNOWN_ERROR)\n                        message = value.get(\"value\") or value.get(\"message\")\n                        if not isinstance(message, str):\n                            value = message\n                            message = message.get(\"message\")\n                    else:\n                        message = value.get(\"message\", None)\n                except ValueError:\n                    pass\n    \n        exception_class: Type[WebDriverException]\n        e = ErrorCode()\n        error_codes = [item for item in dir(e) if not item.startswith(\"__\")]\n        for error_code in error_codes:\n            error_info = getattr(ErrorCode, error_code)\n            if isinstance(error_info, list) and status in error_info:\n                exception_class = getattr(ExceptionMapping, error_code, WebDriverException)\n                break\n        else:\n            exception_class = WebDriverException\n    \n        if not value:\n            value = response[\"value\"]\n        if isinstance(value, str):\n            raise exception_class(value)\n        if message == \"\" and \"message\" in value:\n            message = value[\"message\"]\n    \n        screen = None  # type: ignore[assignment]\n        if \"screen\" in value:\n            screen = value[\"screen\"]\n    \n        stacktrace = None\n        st_value = value.get(\"stackTrace\") or value.get(\"stacktrace\")\n        if st_value:\n            if isinstance(st_value, str):\n                stacktrace = st_value.split(\"\\n\")\n            else:\n                stacktrace = []\n                try:\n                    for frame in st_value:\n                        line = frame.get(\"lineNumber\", \"\")\n                        file = frame.get(\"fileName\", \"<anonymous>\")\n                        if line:\n                            file = f\"{file}:{line}\"\n                        meth = frame.get(\"methodName\", \"<anonymous>\")\n                        if \"className\" in frame:\n                            meth = f\"{frame['className']}.{meth}\"\n                        msg = \"    at %s (%s)\"\n                        msg = msg % (meth, file)\n                        stacktrace.append(msg)\n                except TypeError:\n                    pass\n        if exception_class == UnexpectedAlertPresentException:\n            alert_text = None\n            if \"data\" in value:\n                alert_text = value[\"data\"].get(\"text\")\n            elif \"alert\" in value:\n                alert_text = value[\"alert\"].get(\"text\")\n            raise exception_class(message, screen, stacktrace, alert_text)  # type: ignore[call-arg]  # mypy is not smart enough here\n>       raise exception_class(message, screen, stacktrace)\nE       selenium.common.exceptions.NoSuchElementException: Message: no such element: Unable to locate element: {\"method\":\"xpath\",\"selector\":\"//input[@name='q']\"}\nE         (Session info: chrome=123.0.6312.86); For documentation on this error, please visit: https://www.selenium.dev/documentation/webdriver/troubleshooting/errors#no-such-element-exception\nE       Stacktrace:\nE       #0 0x55cb1d4578a3 <unknown>\nE       #1 0x55cb1d14d8c6 <unknown>\nE       #2 0x55cb1d198618 <unknown>\nE       #3 0x55cb1d1986d1 <unknown>\nE       #4 0x55cb1d1db744 <unknown>\nE       #5 0x55cb1d1ba5cd <unknown>\nE       #6 0x55cb1d1d8c19 <unknown>\nE       #7 0x55cb1d1ba343 <unknown>\nE       #8 0x55cb1d18b593 <unknown>\nE       #9 0x55cb1d18bf5e <unknown>\nE       #10 0x55cb1d41b88b <unknown>\nE       #11 0x55cb1d41f7e5 <unknown>\nE       #12 0x55cb1d4095b1 <unknown>\nE       #13 0x55cb1d420372 <unknown>\nE       #14 0x55cb1d3ee8bf <unknown>\nE       #15 0x55cb1d446768 <unknown>\nE       #16 0x55cb1d44693b <unknown>\nE       #17 0x55cb1d4569f4 <unknown>\nE       #18 0x7ff3e0ba0ac3 <unknown>\n\n..\\.venv\\Lib\\site-packages\\selenium\\webdriver\\remote\\errorhandler.py:229: NoSuchElementException"}, "start": 1714462051250, "stop": 1714462062798, "uuid": "bef9fa2c-dc75-45b7-b158-b49584beafd7", "historyId": "648d74f0d61fc8f6a8488c9413d35419", "testCaseId": "648d74f0d61fc8f6a8488c9413d35419", "fullName": "Tests.test_skip_dependent_tcs.Test_Scenario_1#test_2", "labels": [{"name": "tag", "value": "@pytest.mark.usefixtures('init_driver')"}, {"name": "tag", "value": "incremental"}, {"name": "parentSuite", "value": "Tests"}, {"name": "suite", "value": "test_skip_dependent_tcs"}, {"name": "subSuite", "value": "Test_Scenario_1"}, {"name": "host", "value": "truong"}, {"name": "thread", "value": "22236-MainThread"}, {"name": "framework", "value": "pytest"}, {"name": "language", "value": "cpython3"}, {"name": "package", "value": "Tests.test_skip_dependent_tcs"}]}